2025-10-19 00:57:58,958 - main - INFO - Starting Stock Market Prediction API...
2025-10-19 00:58:01,854 - api.database.mongodb - INFO - Database indexes created successfully
2025-10-19 00:58:01,854 - api.database.mongodb - INFO - Connected to MongoDB successfully
2025-10-19 00:58:31,888 - watchfiles.main - INFO - 1 change detected
2025-10-19 01:19:36,256 - main - INFO - Starting Stock Market Prediction API...
2025-10-19 01:19:37,459 - api.database.mongodb - INFO - Database indexes created successfully
2025-10-19 01:19:37,459 - api.database.mongodb - INFO - Connected to MongoDB successfully
2025-10-19 01:23:22,621 - main - INFO - Starting Stock Market Prediction API...
2025-10-19 01:23:23,865 - api.database.mongodb - INFO - Database indexes created successfully
2025-10-19 01:23:23,865 - api.database.mongodb - INFO - Connected to MongoDB successfully
2025-10-19 01:27:42,576 - main - INFO - Starting Stock Market Prediction API...
2025-10-19 01:27:43,820 - api.database.mongodb - INFO - Database indexes created successfully
2025-10-19 01:27:43,820 - api.database.mongodb - INFO - Connected to MongoDB successfully
2025-10-19 01:30:17,284 - main - INFO - Starting Stock Market Prediction API...
2025-10-19 01:30:18,647 - api.database.mongodb - INFO - Database indexes created successfully
2025-10-19 01:30:18,647 - api.database.mongodb - INFO - Connected to MongoDB successfully
2025-10-19 01:38:41,549 - main - INFO - Starting Stock Market Prediction API...
2025-10-19 01:38:42,795 - api.database.mongodb - INFO - Database indexes created successfully
2025-10-19 01:38:42,795 - api.database.mongodb - INFO - Connected to MongoDB successfully
2025-10-19 01:42:24,920 - watchfiles.main - INFO - 1 change detected
2025-10-19 01:42:25,105 - api.database.mongodb - INFO - Disconnected from MongoDB
2025-10-19 01:42:26,887 - watchfiles.main - INFO - 2 changes detected
2025-10-19 01:42:32,730 - main - INFO - Starting Stock Market Prediction API...
2025-10-19 01:42:32,777 - watchfiles.main - INFO - 1 change detected
2025-10-19 01:42:34,040 - api.database.mongodb - INFO - Database indexes created successfully
2025-10-19 01:42:34,040 - api.database.mongodb - INFO - Connected to MongoDB successfully
2025-10-19 01:42:39,873 - watchfiles.main - INFO - 1 change detected
2025-10-19 01:42:40,054 - api.database.mongodb - INFO - Disconnected from MongoDB
2025-10-19 01:42:41,639 - watchfiles.main - INFO - 1 change detected
2025-10-19 01:42:41,999 - watchfiles.main - INFO - 12 changes detected
2025-10-19 01:42:47,584 - main - INFO - Starting Stock Market Prediction API...
2025-10-19 01:42:47,640 - watchfiles.main - INFO - 1 change detected
2025-10-19 01:42:48,407 - api.database.mongodb - INFO - Database indexes created successfully
2025-10-19 01:42:48,407 - api.database.mongodb - INFO - Connected to MongoDB successfully
2025-10-19 01:42:57,561 - watchfiles.main - INFO - 1 change detected
2025-10-19 01:42:57,785 - api.database.mongodb - INFO - Disconnected from MongoDB
2025-10-19 01:42:59,312 - watchfiles.main - INFO - 1 change detected
2025-10-19 01:42:59,672 - watchfiles.main - INFO - 5 changes detected
2025-10-19 01:43:05,259 - main - INFO - Starting Stock Market Prediction API...
2025-10-19 01:43:05,318 - watchfiles.main - INFO - 1 change detected
2025-10-19 01:43:06,097 - api.database.mongodb - INFO - Database indexes created successfully
2025-10-19 01:43:06,097 - api.database.mongodb - INFO - Connected to MongoDB successfully
2025-10-19 01:43:07,637 - watchfiles.main - INFO - 1 change detected
2025-10-19 01:43:07,852 - api.database.mongodb - INFO - Disconnected from MongoDB
2025-10-19 01:43:09,487 - watchfiles.main - INFO - 1 change detected
2025-10-19 01:43:09,847 - watchfiles.main - INFO - 5 changes detected
2025-10-19 01:43:15,189 - main - INFO - Starting Stock Market Prediction API...
2025-10-19 01:43:15,488 - watchfiles.main - INFO - 1 change detected
2025-10-19 01:43:16,059 - api.database.mongodb - INFO - Database indexes created successfully
2025-10-19 01:43:16,059 - api.database.mongodb - INFO - Connected to MongoDB successfully
2025-10-19 01:43:22,098 - watchfiles.main - INFO - 1 change detected
2025-10-19 01:43:22,294 - api.database.mongodb - INFO - Disconnected from MongoDB
2025-10-19 01:43:23,822 - watchfiles.main - INFO - 1 change detected
2025-10-19 01:43:24,183 - watchfiles.main - INFO - 5 changes detected
2025-10-19 01:43:34,362 - main - INFO - Starting Stock Market Prediction API...
2025-10-19 01:43:34,367 - watchfiles.main - INFO - 1 change detected
2025-10-19 01:43:34,971 - watchfiles.main - INFO - 1 change detected
2025-10-19 01:43:35,816 - api.database.mongodb - INFO - Database indexes created successfully
2025-10-19 01:43:35,817 - api.database.mongodb - INFO - Connected to MongoDB successfully
2025-10-19 01:43:37,587 - watchfiles.main - INFO - 6 changes detected
2025-10-19 01:43:44,949 - main - INFO - Starting Stock Market Prediction API...
2025-10-19 01:43:44,983 - watchfiles.main - INFO - 1 change detected
2025-10-19 01:43:45,860 - api.database.mongodb - INFO - Database indexes created successfully
2025-10-19 01:43:45,860 - api.database.mongodb - INFO - Connected to MongoDB successfully
2025-10-19 01:44:17,060 - watchfiles.main - INFO - 1 change detected
2025-10-19 01:44:17,218 - api.database.mongodb - INFO - Disconnected from MongoDB
2025-10-19 01:44:18,992 - watchfiles.main - INFO - 1 change detected
2025-10-19 01:44:19,354 - watchfiles.main - INFO - 5 changes detected
2025-10-19 01:44:25,567 - main - INFO - Starting Stock Market Prediction API...
2025-10-19 01:44:25,597 - watchfiles.main - INFO - 1 change detected
2025-10-19 01:44:26,423 - api.database.mongodb - INFO - Database indexes created successfully
2025-10-19 01:44:26,423 - api.database.mongodb - INFO - Connected to MongoDB successfully
2025-10-19 01:44:42,028 - watchfiles.main - INFO - 1 change detected
2025-10-19 01:44:42,261 - api.database.mongodb - INFO - Disconnected from MongoDB
2025-10-19 01:44:44,212 - watchfiles.main - INFO - 1 change detected
2025-10-19 01:44:45,879 - watchfiles.main - INFO - 5 changes detected
2025-10-19 01:44:53,592 - watchfiles.main - INFO - 1 change detected
2025-10-19 01:44:53,594 - main - INFO - Starting Stock Market Prediction API...
2025-10-19 01:44:54,506 - watchfiles.main - INFO - 1 change detected
2025-10-19 01:44:54,866 - api.database.mongodb - INFO - Database indexes created successfully
2025-10-19 01:44:54,866 - api.database.mongodb - INFO - Connected to MongoDB successfully
2025-10-19 01:44:56,697 - watchfiles.main - INFO - 1 change detected
2025-10-19 01:44:57,055 - watchfiles.main - INFO - 5 changes detected
2025-10-19 01:45:03,725 - main - INFO - Starting Stock Market Prediction API...
2025-10-19 01:45:03,751 - watchfiles.main - INFO - 1 change detected
2025-10-19 01:45:04,538 - api.database.mongodb - INFO - Database indexes created successfully
2025-10-19 01:45:04,538 - api.database.mongodb - INFO - Connected to MongoDB successfully
2025-10-19 01:45:11,462 - watchfiles.main - INFO - 1 change detected
2025-10-19 01:45:11,609 - api.database.mongodb - INFO - Disconnected from MongoDB
2025-10-19 01:45:13,427 - watchfiles.main - INFO - 1 change detected
2025-10-19 01:45:13,886 - watchfiles.main - INFO - 5 changes detected
2025-10-19 01:45:21,351 - main - INFO - Starting Stock Market Prediction API...
2025-10-19 01:45:21,356 - watchfiles.main - INFO - 1 change detected
2025-10-19 01:45:22,173 - api.database.mongodb - INFO - Database indexes created successfully
2025-10-19 01:45:22,174 - api.database.mongodb - INFO - Connected to MongoDB successfully
2025-10-19 01:45:25,743 - watchfiles.main - INFO - 1 change detected
2025-10-19 01:45:25,898 - api.database.mongodb - INFO - Disconnected from MongoDB
2025-10-19 01:45:28,049 - watchfiles.main - INFO - 1 change detected
2025-10-19 01:45:28,908 - watchfiles.main - INFO - 5 changes detected
2025-10-19 01:45:36,402 - main - INFO - Starting Stock Market Prediction API...
2025-10-19 01:45:36,407 - watchfiles.main - INFO - 1 change detected
2025-10-19 01:45:36,763 - watchfiles.main - INFO - 1 change detected
2025-10-19 01:45:37,633 - api.database.mongodb - INFO - Database indexes created successfully
2025-10-19 01:45:37,633 - api.database.mongodb - INFO - Connected to MongoDB successfully
2025-10-19 01:45:39,253 - watchfiles.main - INFO - 1 change detected
2025-10-19 01:45:39,813 - watchfiles.main - INFO - 1 change detected
2025-10-19 01:50:47,257 - main - INFO - Starting Stock Market Prediction API...
2025-10-19 01:50:48,464 - api.database.mongodb - INFO - Database indexes created successfully
2025-10-19 01:50:48,464 - api.database.mongodb - INFO - Connected to MongoDB successfully
2025-10-19 01:54:53,893 - watchfiles.main - INFO - 1 change detected
2025-10-19 01:54:54,119 - api.database.mongodb - INFO - Disconnected from MongoDB
2025-10-19 01:54:55,854 - watchfiles.main - INFO - 1 change detected
2025-10-19 01:55:01,647 - main - INFO - Starting Stock Market Prediction API...
2025-10-19 01:55:01,658 - watchfiles.main - INFO - 1 change detected
2025-10-19 01:55:02,612 - api.database.mongodb - INFO - Database indexes created successfully
2025-10-19 01:55:02,612 - api.database.mongodb - INFO - Connected to MongoDB successfully
2025-10-19 01:55:36,031 - watchfiles.main - INFO - 1 change detected
2025-10-19 01:55:36,191 - api.database.mongodb - INFO - Disconnected from MongoDB
2025-10-19 01:55:37,883 - watchfiles.main - INFO - 1 change detected
2025-10-19 01:55:43,821 - main - INFO - Starting Stock Market Prediction API...
2025-10-19 01:55:43,833 - watchfiles.main - INFO - 1 change detected
2025-10-19 01:55:44,755 - api.database.mongodb - INFO - Database indexes created successfully
2025-10-19 01:55:44,755 - api.database.mongodb - INFO - Connected to MongoDB successfully
2025-10-19 01:56:12,493 - watchfiles.main - INFO - 1 change detected
2025-10-19 01:56:12,696 - api.database.mongodb - INFO - Disconnected from MongoDB
2025-10-19 01:56:14,469 - watchfiles.main - INFO - 1 change detected
2025-10-19 01:56:18,296 - watchfiles.main - INFO - 1 change detected
2025-10-19 01:56:20,005 - watchfiles.main - INFO - 1 change detected
2025-10-19 01:56:23,784 - watchfiles.main - INFO - 1 change detected
2025-10-19 01:56:25,391 - watchfiles.main - INFO - 1 change detected
2025-10-19 01:56:30,328 - watchfiles.main - INFO - 5 changes detected
2025-10-19 01:56:30,692 - watchfiles.main - INFO - 1 change detected
2025-10-19 01:56:32,137 - watchfiles.main - INFO - 1 change detected
2025-10-19 01:56:36,619 - watchfiles.main - INFO - 1 change detected
2025-10-19 01:56:38,154 - watchfiles.main - INFO - 1 change detected
2025-10-19 01:56:41,978 - watchfiles.main - INFO - 1 change detected
2025-10-19 01:56:43,671 - watchfiles.main - INFO - 1 change detected
2025-10-19 01:56:45,388 - watchfiles.main - INFO - 5 changes detected
2025-10-19 01:56:47,703 - watchfiles.main - INFO - 1 change detected
2025-10-19 01:56:49,080 - watchfiles.main - INFO - 1 change detected
2025-10-19 01:56:50,740 - watchfiles.main - INFO - 5 changes detected
2025-10-19 01:56:53,111 - watchfiles.main - INFO - 5 changes detected
2025-10-19 01:56:54,522 - watchfiles.main - INFO - 5 changes detected
2025-10-19 01:56:55,567 - main - INFO - Starting Stock Market Prediction API...
2025-10-19 01:56:55,581 - watchfiles.main - INFO - 1 change detected
2025-10-19 01:56:56,566 - api.database.mongodb - INFO - Database indexes created successfully
2025-10-19 01:56:56,566 - api.database.mongodb - INFO - Connected to MongoDB successfully
2025-10-19 01:57:18,240 - watchfiles.main - INFO - 1 change detected
2025-10-19 01:57:18,375 - api.database.mongodb - INFO - Disconnected from MongoDB
2025-10-19 01:57:19,828 - watchfiles.main - INFO - 1 change detected
2025-10-19 01:57:25,728 - main - INFO - Starting Stock Market Prediction API...
2025-10-19 01:57:25,768 - watchfiles.main - INFO - 1 change detected
2025-10-19 01:57:26,752 - api.database.mongodb - INFO - Database indexes created successfully
2025-10-19 01:57:26,752 - api.database.mongodb - INFO - Connected to MongoDB successfully
2025-10-19 01:57:28,380 - watchfiles.main - INFO - 1 change detected
2025-10-19 01:57:28,514 - api.database.mongodb - INFO - Disconnected from MongoDB
2025-10-19 01:57:30,231 - watchfiles.main - INFO - 1 change detected
2025-10-19 01:57:36,117 - main - INFO - Starting Stock Market Prediction API...
2025-10-19 01:57:36,131 - watchfiles.main - INFO - 1 change detected
2025-10-19 01:57:37,048 - api.database.mongodb - INFO - Database indexes created successfully
2025-10-19 01:57:37,048 - api.database.mongodb - INFO - Connected to MongoDB successfully
2025-10-19 01:58:17,837 - watchfiles.main - INFO - 1 change detected
2025-10-19 01:58:18,017 - api.database.mongodb - INFO - Disconnected from MongoDB
2025-10-19 01:58:19,789 - watchfiles.main - INFO - 1 change detected
2025-10-19 01:58:25,584 - main - INFO - Starting Stock Market Prediction API...
2025-10-19 01:58:25,627 - watchfiles.main - INFO - 1 change detected
2025-10-19 01:58:26,526 - api.database.mongodb - INFO - Database indexes created successfully
2025-10-19 01:58:26,527 - api.database.mongodb - INFO - Connected to MongoDB successfully
2025-10-19 01:59:11,301 - main - INFO - Starting Stock Market Prediction API...
2025-10-19 01:59:12,528 - api.database.mongodb - INFO - Database indexes created successfully
2025-10-19 01:59:12,528 - api.database.mongodb - INFO - Connected to MongoDB successfully
2025-10-19 02:03:44,084 - watchfiles.main - INFO - 1 change detected
2025-10-19 02:03:44,260 - api.database.mongodb - INFO - Disconnected from MongoDB
2025-10-19 02:03:46,022 - watchfiles.main - INFO - 1 change detected
2025-10-19 02:03:47,485 - watchfiles.main - INFO - 5 changes detected
2025-10-19 02:03:51,216 - watchfiles.main - INFO - 1 change detected
2025-10-19 02:03:53,008 - watchfiles.main - INFO - 1 change detected
2025-10-19 02:03:54,272 - watchfiles.main - INFO - 5 changes detected
2025-10-19 02:03:57,497 - watchfiles.main - INFO - 1 change detected
2025-10-19 02:03:58,969 - watchfiles.main - INFO - 1 change detected
2025-10-19 02:04:00,482 - watchfiles.main - INFO - 5 changes detected
2025-10-19 02:04:04,613 - watchfiles.main - INFO - 1 change detected
2025-10-19 02:04:06,243 - watchfiles.main - INFO - 1 change detected
2025-10-19 02:04:07,859 - watchfiles.main - INFO - 5 changes detected
2025-10-19 02:04:12,459 - main - INFO - Starting Stock Market Prediction API...
2025-10-19 02:04:12,490 - watchfiles.main - INFO - 1 change detected
2025-10-19 02:04:13,292 - api.database.mongodb - INFO - Database indexes created successfully
2025-10-19 02:04:13,292 - api.database.mongodb - INFO - Connected to MongoDB successfully
2025-10-19 02:05:09,373 - watchfiles.main - INFO - 6 changes detected
2025-10-19 02:05:09,543 - api.database.mongodb - INFO - Disconnected from MongoDB
2025-10-19 02:05:11,344 - watchfiles.main - INFO - 2 changes detected
2025-10-19 02:05:18,660 - main - INFO - Starting Stock Market Prediction API...
2025-10-19 02:05:18,661 - watchfiles.main - INFO - 1 change detected
2025-10-19 02:05:19,426 - api.database.mongodb - INFO - Database indexes created successfully
2025-10-19 02:05:19,426 - api.database.mongodb - INFO - Connected to MongoDB successfully
2025-10-19 02:05:38,901 - watchfiles.main - INFO - 1 change detected
2025-10-19 02:05:39,042 - api.database.mongodb - INFO - Disconnected from MongoDB
2025-10-19 02:05:40,979 - watchfiles.main - INFO - 1 change detected
2025-10-19 02:05:44,660 - watchfiles.main - INFO - 1 change detected
2025-10-19 02:05:47,466 - watchfiles.main - INFO - 1 change detected
2025-10-19 02:05:54,818 - watchfiles.main - INFO - 5 changes detected
2025-10-19 02:05:55,322 - watchfiles.main - INFO - 1 change detected
2025-10-19 02:05:57,580 - watchfiles.main - INFO - 1 change detected
2025-10-19 02:06:06,077 - main - INFO - Starting Stock Market Prediction API...
2025-10-19 02:06:06,096 - watchfiles.main - INFO - 1 change detected
2025-10-19 02:06:06,869 - api.database.mongodb - INFO - Database indexes created successfully
2025-10-19 02:06:06,869 - api.database.mongodb - INFO - Connected to MongoDB successfully
2025-10-19 02:06:16,354 - watchfiles.main - INFO - 1 change detected
2025-10-19 02:06:16,583 - api.database.mongodb - INFO - Disconnected from MongoDB
2025-10-19 02:06:18,318 - watchfiles.main - INFO - 1 change detected
2025-10-19 02:06:24,271 - watchfiles.main - INFO - 5 changes detected
2025-10-19 02:06:25,824 - main - INFO - Starting Stock Market Prediction API...
2025-10-19 02:06:25,831 - watchfiles.main - INFO - 1 change detected
2025-10-19 02:06:26,713 - api.database.mongodb - INFO - Database indexes created successfully
2025-10-19 02:06:26,714 - api.database.mongodb - INFO - Connected to MongoDB successfully
2025-10-19 02:07:20,023 - watchfiles.main - INFO - 1 change detected
2025-10-19 02:07:20,225 - api.database.mongodb - INFO - Disconnected from MongoDB
2025-10-19 02:07:22,148 - watchfiles.main - INFO - 1 change detected
2025-10-19 02:07:28,539 - main - INFO - Starting Stock Market Prediction API...
2025-10-19 02:07:28,554 - watchfiles.main - INFO - 1 change detected
2025-10-19 02:07:29,505 - api.database.mongodb - INFO - Database indexes created successfully
2025-10-19 02:07:29,505 - api.database.mongodb - INFO - Connected to MongoDB successfully
2025-10-19 02:08:08,618 - main - INFO - Starting Stock Market Prediction API...
2025-10-19 02:08:09,399 - api.database.mongodb - INFO - Database indexes created successfully
2025-10-19 02:08:09,401 - api.database.mongodb - INFO - Connected to MongoDB successfully
2025-10-19 02:09:36,093 - watchfiles.main - INFO - 1 change detected
2025-10-19 02:09:36,257 - api.database.mongodb - INFO - Disconnected from MongoDB
2025-10-19 02:09:38,304 - watchfiles.main - INFO - 1 change detected
2025-10-19 02:09:45,415 - watchfiles.main - INFO - 1 change detected
2025-10-19 02:09:47,271 - watchfiles.main - INFO - 1 change detected
2025-10-19 02:09:53,768 - watchfiles.main - INFO - 5 changes detected
2025-10-19 02:09:54,701 - main - INFO - Starting Stock Market Prediction API...
2025-10-19 02:09:54,734 - watchfiles.main - INFO - 1 change detected
2025-10-19 02:09:55,098 - watchfiles.main - INFO - 1 change detected
2025-10-19 02:09:55,885 - api.database.mongodb - INFO - Database indexes created successfully
2025-10-19 02:09:55,885 - api.database.mongodb - INFO - Connected to MongoDB successfully
2025-10-19 02:09:57,586 - watchfiles.main - INFO - 1 change detected
2025-10-19 02:10:08,310 - main - INFO - Starting Stock Market Prediction API...
2025-10-19 02:10:08,533 - watchfiles.main - INFO - 1 change detected
2025-10-19 02:10:09,258 - api.database.mongodb - INFO - Database indexes created successfully
2025-10-19 02:10:09,258 - api.database.mongodb - INFO - Connected to MongoDB successfully
2025-10-19 02:10:28,017 - watchfiles.main - INFO - 1 change detected
2025-10-19 02:10:28,221 - api.database.mongodb - INFO - Disconnected from MongoDB
2025-10-19 02:10:30,040 - watchfiles.main - INFO - 1 change detected
2025-10-19 02:10:36,981 - main - INFO - Starting Stock Market Prediction API...
2025-10-19 02:10:36,995 - watchfiles.main - INFO - 1 change detected
2025-10-19 02:10:37,841 - api.database.mongodb - INFO - Database indexes created successfully
2025-10-19 02:10:37,843 - api.database.mongodb - INFO - Connected to MongoDB successfully
2025-10-19 02:10:45,867 - watchfiles.main - INFO - 1 change detected
2025-10-19 02:10:46,011 - api.database.mongodb - INFO - Disconnected from MongoDB
2025-10-19 02:10:47,760 - watchfiles.main - INFO - 1 change detected
2025-10-19 02:10:53,401 - watchfiles.main - INFO - 5 changes detected
2025-10-19 02:10:54,245 - main - INFO - Starting Stock Market Prediction API...
2025-10-19 02:10:54,262 - watchfiles.main - INFO - 1 change detected
2025-10-19 02:10:55,503 - api.database.mongodb - INFO - Database indexes created successfully
2025-10-19 02:10:55,504 - api.database.mongodb - INFO - Connected to MongoDB successfully
2025-10-19 02:10:56,577 - watchfiles.main - INFO - 1 change detected
2025-10-19 02:10:56,732 - api.database.mongodb - INFO - Disconnected from MongoDB
2025-10-19 02:10:58,534 - watchfiles.main - INFO - 1 change detected
2025-10-19 02:11:05,087 - watchfiles.main - INFO - 5 changes detected
2025-10-19 02:11:06,036 - main - INFO - Starting Stock Market Prediction API...
2025-10-19 02:11:06,049 - watchfiles.main - INFO - 1 change detected
2025-10-19 02:11:06,900 - api.database.mongodb - INFO - Database indexes created successfully
2025-10-19 02:11:06,902 - api.database.mongodb - INFO - Connected to MongoDB successfully
2025-10-19 02:12:05,968 - main - INFO - Starting Stock Market Prediction API...
2025-10-19 02:12:07,180 - api.database.mongodb - INFO - Database indexes created successfully
2025-10-19 02:12:07,181 - api.database.mongodb - INFO - Connected to MongoDB successfully
2025-10-19 02:14:47,034 - watchfiles.main - INFO - 1 change detected
2025-10-19 02:14:47,255 - api.database.mongodb - INFO - Disconnected from MongoDB
2025-10-19 02:14:48,892 - watchfiles.main - INFO - 1 change detected
2025-10-19 02:14:50,208 - watchfiles.main - INFO - 5 changes detected
2025-10-19 02:14:53,380 - watchfiles.main - INFO - 1 change detected
2025-10-19 02:14:54,959 - watchfiles.main - INFO - 1 change detected
2025-10-19 02:14:56,223 - watchfiles.main - INFO - 5 changes detected
2025-10-19 02:14:58,447 - watchfiles.main - INFO - 1 change detected
2025-10-19 02:14:59,844 - watchfiles.main - INFO - 1 change detected
2025-10-19 02:15:01,308 - watchfiles.main - INFO - 5 changes detected
2025-10-19 02:15:04,489 - watchfiles.main - INFO - 1 change detected
2025-10-19 02:15:05,992 - watchfiles.main - INFO - 1 change detected
2025-10-19 02:15:07,301 - watchfiles.main - INFO - 5 changes detected
2025-10-19 02:15:11,080 - watchfiles.main - INFO - 1 change detected
2025-10-19 02:15:12,514 - watchfiles.main - INFO - 1 change detected
2025-10-19 02:15:18,269 - main - INFO - Starting Stock Market Prediction API...
2025-10-19 02:15:18,300 - watchfiles.main - INFO - 6 changes detected
2025-10-19 02:15:19,237 - api.database.mongodb - INFO - Database indexes created successfully
2025-10-19 02:15:19,237 - api.database.mongodb - INFO - Connected to MongoDB successfully
2025-10-19 02:15:39,261 - watchfiles.main - INFO - 1 change detected
2025-10-19 02:15:39,408 - api.database.mongodb - INFO - Disconnected from MongoDB
2025-10-19 02:15:40,939 - watchfiles.main - INFO - 1 change detected
2025-10-19 02:15:45,970 - watchfiles.main - INFO - 5 changes detected
2025-10-19 02:15:46,638 - main - INFO - Starting Stock Market Prediction API...
2025-10-19 02:15:46,675 - watchfiles.main - INFO - 1 change detected
2025-10-19 02:15:47,553 - api.database.mongodb - INFO - Database indexes created successfully
2025-10-19 02:15:47,553 - api.database.mongodb - INFO - Connected to MongoDB successfully
2025-10-19 02:15:50,361 - watchfiles.main - INFO - 1 change detected
2025-10-19 02:15:50,522 - api.database.mongodb - INFO - Disconnected from MongoDB
2025-10-19 02:15:52,204 - watchfiles.main - INFO - 1 change detected
2025-10-19 02:15:55,074 - watchfiles.main - INFO - 1 change detected
2025-10-19 02:15:56,548 - watchfiles.main - INFO - 1 change detected
2025-10-19 02:16:00,977 - watchfiles.main - INFO - 1 change detected
2025-10-19 02:16:02,322 - watchfiles.main - INFO - 1 change detected
2025-10-19 02:16:05,949 - watchfiles.main - INFO - 1 change detected
2025-10-19 02:16:07,530 - watchfiles.main - INFO - 1 change detected
2025-10-19 02:16:10,955 - watchfiles.main - INFO - 1 change detected
2025-10-19 02:16:12,282 - watchfiles.main - INFO - 1 change detected
2025-10-19 02:16:17,566 - watchfiles.main - INFO - 5 changes detected
2025-10-19 02:16:18,357 - main - INFO - Starting Stock Market Prediction API...
2025-10-19 02:16:18,372 - watchfiles.main - INFO - 1 change detected
2025-10-19 02:16:19,136 - api.database.mongodb - INFO - Database indexes created successfully
2025-10-19 02:16:19,137 - api.database.mongodb - INFO - Connected to MongoDB successfully
2025-10-19 02:16:21,646 - watchfiles.main - INFO - 1 change detected
2025-10-19 02:16:21,880 - api.database.mongodb - INFO - Disconnected from MongoDB
2025-10-19 02:16:23,477 - watchfiles.main - INFO - 1 change detected
2025-10-19 02:16:26,599 - watchfiles.main - INFO - 1 change detected
2025-10-19 02:16:27,905 - watchfiles.main - INFO - 1 change detected
2025-10-19 02:16:33,040 - watchfiles.main - INFO - 1 change detected
2025-10-19 02:16:34,615 - watchfiles.main - INFO - 1 change detected
2025-10-19 02:16:38,040 - watchfiles.main - INFO - 1 change detected
2025-10-19 02:16:39,427 - watchfiles.main - INFO - 1 change detected
2025-10-19 02:16:45,075 - watchfiles.main - INFO - 5 changes detected
2025-10-19 02:16:45,433 - watchfiles.main - INFO - 5 changes detected
2025-10-19 02:16:46,368 - main - INFO - Starting Stock Market Prediction API...
2025-10-19 02:16:46,396 - watchfiles.main - INFO - 1 change detected
2025-10-19 02:16:47,230 - api.database.mongodb - INFO - Database indexes created successfully
2025-10-19 02:16:47,230 - api.database.mongodb - INFO - Connected to MongoDB successfully
2025-10-19 02:16:52,052 - watchfiles.main - INFO - 1 change detected
2025-10-19 02:16:52,264 - api.database.mongodb - INFO - Disconnected from MongoDB
2025-10-19 02:16:53,505 - watchfiles.main - INFO - 1 change detected
2025-10-19 02:16:57,385 - watchfiles.main - INFO - 1 change detected
2025-10-19 02:16:58,733 - watchfiles.main - INFO - 1 change detected
2025-10-19 02:17:04,398 - watchfiles.main - INFO - 5 changes detected
2025-10-19 02:17:05,364 - main - INFO - Starting Stock Market Prediction API...
2025-10-19 02:17:05,411 - watchfiles.main - INFO - 1 change detected
2025-10-19 02:17:06,199 - api.database.mongodb - INFO - Database indexes created successfully
2025-10-19 02:17:06,199 - api.database.mongodb - INFO - Connected to MongoDB successfully
2025-10-19 02:17:16,338 - watchfiles.main - INFO - 1 change detected
2025-10-19 02:17:16,569 - api.database.mongodb - INFO - Disconnected from MongoDB
2025-10-19 02:17:18,023 - watchfiles.main - INFO - 1 change detected
2025-10-19 02:17:22,657 - watchfiles.main - INFO - 1 change detected
2025-10-19 02:17:24,271 - watchfiles.main - INFO - 1 change detected
2025-10-19 02:17:25,634 - watchfiles.main - INFO - 5 changes detected
2025-10-19 02:17:29,312 - watchfiles.main - INFO - 5 changes detected
2025-10-19 02:17:30,375 - main - INFO - Starting Stock Market Prediction API...
2025-10-19 02:17:30,430 - watchfiles.main - INFO - 1 change detected
2025-10-19 02:17:31,250 - api.database.mongodb - INFO - Database indexes created successfully
2025-10-19 02:17:31,251 - api.database.mongodb - INFO - Connected to MongoDB successfully
2025-10-19 02:17:34,817 - watchfiles.main - INFO - 1 change detected
2025-10-19 02:17:34,979 - api.database.mongodb - INFO - Disconnected from MongoDB
2025-10-19 02:17:36,574 - watchfiles.main - INFO - 1 change detected
2025-10-19 02:17:37,939 - watchfiles.main - INFO - 5 changes detected
2025-10-19 02:17:42,351 - main - INFO - Starting Stock Market Prediction API...
2025-10-19 02:17:42,368 - watchfiles.main - INFO - 1 change detected
2025-10-19 02:17:43,194 - api.database.mongodb - INFO - Database indexes created successfully
2025-10-19 02:17:43,194 - api.database.mongodb - INFO - Connected to MongoDB successfully
2025-10-19 02:20:13,879 - watchfiles.main - INFO - 29 changes detected
2025-10-19 02:20:14,128 - api.database.mongodb - INFO - Disconnected from MongoDB
2025-10-19 02:20:16,249 - watchfiles.main - INFO - 8 changes detected
2025-10-19 02:20:16,610 - watchfiles.main - INFO - 5 changes detected
2025-10-19 02:20:17,925 - watchfiles.main - INFO - 15 changes detected
2025-10-19 02:20:19,233 - watchfiles.main - INFO - 18 changes detected
2025-10-19 02:20:20,054 - watchfiles.main - INFO - 5 changes detected
2025-10-19 02:20:22,120 - watchfiles.main - INFO - 15 changes detected
2025-10-19 02:20:26,348 - watchfiles.main - INFO - 5 changes detected
2025-10-19 02:20:26,802 - watchfiles.main - INFO - 23 changes detected
2025-10-19 02:20:27,532 - main - INFO - Starting Stock Market Prediction API...
2025-10-19 02:20:27,571 - watchfiles.main - INFO - 1 change detected
2025-10-19 02:20:28,359 - api.database.mongodb - INFO - Database indexes created successfully
2025-10-19 02:20:28,359 - api.database.mongodb - INFO - Connected to MongoDB successfully
2025-10-19 02:20:28,359 - main - INFO - MongoDB connected successfully
2025-10-19 02:25:48,894 - watchfiles.main - INFO - 1 change detected
2025-10-19 02:25:49,295 - watchfiles.main - INFO - 1 change detected
2025-10-19 02:25:54,481 - watchfiles.main - INFO - 1 change detected
2025-10-19 02:25:54,837 - watchfiles.main - INFO - 1 change detected
2025-10-19 02:25:55,194 - watchfiles.main - INFO - 1 change detected
2025-10-19 02:25:55,554 - watchfiles.main - INFO - 1 change detected
2025-10-19 02:26:01,194 - watchfiles.main - INFO - 1 change detected
2025-10-19 02:26:01,553 - watchfiles.main - INFO - 1 change detected
2025-10-19 02:26:01,909 - watchfiles.main - INFO - 1 change detected
2025-10-19 02:26:07,904 - watchfiles.main - INFO - 1 change detected
2025-10-19 02:26:08,272 - watchfiles.main - INFO - 1 change detected
2025-10-19 02:26:08,638 - watchfiles.main - INFO - 1 change detected
2025-10-19 02:26:08,996 - watchfiles.main - INFO - 1 change detected
2025-10-19 02:26:13,886 - watchfiles.main - INFO - 1 change detected
2025-10-19 02:26:14,252 - watchfiles.main - INFO - 1 change detected
